<?xml version="1.0" encoding="UTF-8"?>
<!-- Generated by org.testng.reporters.JUnitXMLReporter -->
<testsuite ignored="8" hostname="Sonys-Mac-mini.local" failures="1" tests="4" name="Default test" time="265.061" errors="0" timestamp="2025-09-08T12:34:10 NPT">
  <testcase classname="com.selenium.qa.set4npl.empsuplier.fundreq.T01_CreateFundReq" name="CFR_002" time="82.881"/>
  <testcase classname="com.selenium.qa.set4npl.empsuplier.fundreq.T02_HANDLINGBANK_TEST" name="elegiblereq" time="44.749">
    <failure type="org.openqa.selenium.NoSuchElementException" message="no such element: Unable to locate element: {&amp;quot;method&amp;quot;:&amp;quot;xpath&amp;quot;,&amp;quot;selector&amp;quot;:&amp;quot;//table/tbody/tr[1]/td[3]&amp;quot;}
  (Session info: chrome=139.0.7258.157)
For documentation on this error, please visit: https://www.selenium.dev/documentation/webdriver/troubleshooting/errors#no-such-element-exception
Build info: version: &amp;apos;4.30.0&amp;apos;, revision: &amp;apos;509c7f17cc*&amp;apos;
System info: os.name: &amp;apos;Mac OS X&amp;apos;, os.arch: &amp;apos;x86_64&amp;apos;, os.version: &amp;apos;15.3&amp;apos;, java.version: &amp;apos;21.0.8&amp;apos;
Driver info: org.openqa.selenium.chrome.ChromeDriver
Command: [c838352d7834a88d8d550b35de9e9a41, findElement {value=//table/tbody/tr[1]/td[3], using=xpath}]
Capabilities {acceptInsecureCerts: false, browserName: chrome, browserVersion: 139.0.7258.157, chrome: {chromedriverVersion: 139.0.7258.154 (9e0d6b2b47f..., userDataDir: /var/folders/wm/tx3c9p_d0qx...}, fedcm:accounts: true, goog:chromeOptions: {debuggerAddress: localhost:50022}, networkConnectionEnabled: false, pageLoadStrategy: normal, platformName: mac, proxy: Proxy(), se:cdp: ws://localhost:50022/devtoo..., se:cdpVersion: 139.0.7258.157, setWindowRect: true, strictFileInteractability: false, timeouts: {implicit: 0, pageLoad: 300000, script: 30000}, unhandledPromptBehavior: dismiss and notify, webauthn:extension:credBlob: true, webauthn:extension:largeBlob: true, webauthn:extension:minPinLength: true, webauthn:extension:prf: true, webauthn:virtualAuthenticators: true}
Session ID: c838352d7834a88d8d550b35de9e9a41">
      <![CDATA[org.openqa.selenium.NoSuchElementException: no such element: Unable to locate element: {"method":"xpath","selector":"//table/tbody/tr[1]/td[3]"}
  (Session info: chrome=139.0.7258.157)
For documentation on this error, please visit: https://www.selenium.dev/documentation/webdriver/troubleshooting/errors#no-such-element-exception
Build info: version: '4.30.0', revision: '509c7f17cc*'
System info: os.name: 'Mac OS X', os.arch: 'x86_64', os.version: '15.3', java.version: '21.0.8'
Driver info: org.openqa.selenium.chrome.ChromeDriver
Command: [c838352d7834a88d8d550b35de9e9a41, findElement {value=//table/tbody/tr[1]/td[3], using=xpath}]
Capabilities {acceptInsecureCerts: false, browserName: chrome, browserVersion: 139.0.7258.157, chrome: {chromedriverVersion: 139.0.7258.154 (9e0d6b2b47f..., userDataDir: /var/folders/wm/tx3c9p_d0qx...}, fedcm:accounts: true, goog:chromeOptions: {debuggerAddress: localhost:50022}, networkConnectionEnabled: false, pageLoadStrategy: normal, platformName: mac, proxy: Proxy(), se:cdp: ws://localhost:50022/devtoo..., se:cdpVersion: 139.0.7258.157, setWindowRect: true, strictFileInteractability: false, timeouts: {implicit: 0, pageLoad: 300000, script: 30000}, unhandledPromptBehavior: dismiss and notify, webauthn:extension:credBlob: true, webauthn:extension:largeBlob: true, webauthn:extension:minPinLength: true, webauthn:extension:prf: true, webauthn:virtualAuthenticators: true}
Session ID: c838352d7834a88d8d550b35de9e9a41
at java.base/jdk.internal.reflect.DirectConstructorHandleAccessor.newInstance(DirectConstructorHandleAccessor.java:62)
at java.base/java.lang.reflect.Constructor.newInstanceWithCaller(Constructor.java:502)
at java.base/java.lang.reflect.Constructor.newInstance(Constructor.java:486)
at org.openqa.selenium.remote.ErrorCodec.decode(ErrorCodec.java:167)
at org.openqa.selenium.remote.codec.w3c.W3CHttpResponseCodec.decode(W3CHttpResponseCodec.java:138)
at org.openqa.selenium.remote.codec.w3c.W3CHttpResponseCodec.decode(W3CHttpResponseCodec.java:50)
at org.openqa.selenium.remote.HttpCommandExecutor.execute(HttpCommandExecutor.java:215)
at org.openqa.selenium.remote.service.DriverCommandExecutor.invokeExecute(DriverCommandExecutor.java:216)
at org.openqa.selenium.remote.service.DriverCommandExecutor.execute(DriverCommandExecutor.java:174)
at org.openqa.selenium.remote.RemoteWebDriver.execute(RemoteWebDriver.java:545)
at org.openqa.selenium.remote.ElementLocation$ElementFinder$2.findElement(ElementLocation.java:165)
at org.openqa.selenium.remote.ElementLocation.findElement(ElementLocation.java:59)
at org.openqa.selenium.remote.RemoteWebDriver.findElement(RemoteWebDriver.java:368)
at org.openqa.selenium.remote.RemoteWebDriver.findElement(RemoteWebDriver.java:362)
at com.selenium.qa.set4npl.empsuplier.fundreq.T02_HANDLINGBANK_TEST.elegiblereq(T02_HANDLINGBANK_TEST.java:156)
at java.base/jdk.internal.reflect.DirectMethodHandleAccessor.invoke(DirectMethodHandleAccessor.java:103)
at java.base/java.lang.reflect.Method.invoke(Method.java:580)
at org.testng.internal.invokers.MethodInvocationHelper.invokeMethod(MethodInvocationHelper.java:141)
at org.testng.internal.invokers.TestInvoker.invokeMethod(TestInvoker.java:687)
at org.testng.internal.invokers.TestInvoker.invokeTestMethod(TestInvoker.java:230)
at org.testng.internal.invokers.MethodRunner.runInSequence(MethodRunner.java:63)
at org.testng.internal.invokers.TestInvoker$MethodInvocationAgent.invoke(TestInvoker.java:995)
at org.testng.internal.invokers.TestInvoker.invokeTestMethods(TestInvoker.java:203)
at org.testng.internal.invokers.TestMethodWorker.invokeTestMethods(TestMethodWorker.java:154)
at org.testng.internal.invokers.TestMethodWorker.run(TestMethodWorker.java:134)
at java.base/java.util.ArrayList.forEach(ArrayList.java:1596)
at org.testng.TestRunner.privateRun(TestRunner.java:741)
at org.testng.TestRunner.run(TestRunner.java:616)
at org.testng.SuiteRunner.runTest(SuiteRunner.java:421)
at org.testng.SuiteRunner.runSequentially(SuiteRunner.java:413)
at org.testng.SuiteRunner.privateRun(SuiteRunner.java:373)
at org.testng.SuiteRunner.run(SuiteRunner.java:312)
at org.testng.SuiteRunnerWorker.runSuite(SuiteRunnerWorker.java:52)
at org.testng.SuiteRunnerWorker.run(SuiteRunnerWorker.java:95)
at org.testng.TestNG.runSuitesSequentially(TestNG.java:1274)
at org.testng.TestNG.runSuitesLocally(TestNG.java:1208)
at org.testng.TestNG.runSuites(TestNG.java:1112)
at org.testng.TestNG.run(TestNG.java:1079)
at org.testng.remote.AbstractRemoteTestNG.run(AbstractRemoteTestNG.java:115)
at org.testng.remote.RemoteTestNG.initAndRun(RemoteTestNG.java:293)
at org.testng.remote.RemoteTestNG.main(RemoteTestNG.java:91)
]]>
    </failure>
  </testcase> <!-- elegiblereq -->
  <testcase classname="com.selenium.qa.set4npl.empsuplier.fundreq.T02_HANDLINGBANK_TEST" name="reportreq" time="39.493"/>
  <testcase classname="com.selenium.qa.set4npl.empsuplier.fundreq.T03_AccessioriesSubsidy" name="TC_addAccessories" time="0.0">
    <skipped/>
  </testcase> <!-- TC_addAccessories -->
  <testcase classname="com.selenium.qa.set4npl.empsuplier.fundreq.T02_HANDLINGBANK_TEST" name="rejected" time="0.0">
    <ignored/>
  </testcase> <!-- rejected -->
  <testcase classname="com.selenium.qa.set4npl.empsuplier.fundreq.T01_CreateFundReq" name="CFR005" time="0.0">
    <ignored/>
  </testcase> <!-- CFR005 -->
  <testcase classname="com.selenium.qa.set4npl.empsuplier.fundreq.T01_CreateFundReq" name="CFR006" time="0.0">
    <ignored/>
  </testcase> <!-- CFR006 -->
  <testcase classname="com.selenium.qa.set4npl.empsuplier.fundreq.T02_HANDLINGBANK_TEST" name="acceptAccessories" time="0.0">
    <ignored/>
  </testcase> <!-- acceptAccessories -->
  <testcase classname="com.selenium.qa.set4npl.empsuplier.fundreq.T02_HANDLINGBANK_TEST" name="incompletereq" time="0.0">
    <ignored/>
  </testcase> <!-- incompletereq -->
  <testcase classname="com.selenium.qa.set4npl.empsuplier.fundreq.T01_CreateFundReq" name="CFR_003" time="0.0">
    <ignored/>
  </testcase> <!-- CFR_003 -->
  <testcase classname="com.selenium.qa.set4npl.empsuplier.fundreq.T01_CreateFundReq" name="CFR004" time="0.0">
    <ignored/>
  </testcase> <!-- CFR004 -->
  <testcase classname="com.selenium.qa.set4npl.empsuplier.fundreq.T01_CreateFundReq" name="CFR_001" time="0.0">
    <ignored/>
  </testcase> <!-- CFR_001 -->
</testsuite> <!-- Default test -->
