<?xml version="1.0" encoding="UTF-8"?>
<!-- Generated by org.testng.reporters.JUnitXMLReporter -->
<testsuite ignored="5" hostname="Sonys-Mac-mini.local" failures="0" tests="1" name="Default test" time="101.061" errors="0" timestamp="2025-08-27T10:18:19 NPT">
  <testcase classname="com.selenium.qa.set4npl.empsuplier.fundreq.T01_CreateFundReqWithFullPayment" name="CFR006" time="84.927"/>
  <testcase classname="com.selenium.qa.set4npl.empsuplier.fundreq.T01_CreateFundReqWithFullPayment" name="CFR005" time="0.0">
    <ignored/>
  </testcase> <!-- CFR005 -->
  <testcase classname="com.selenium.qa.set4npl.empsuplier.fundreq.T01_CreateFundReqWithFullPayment" name="CFR_001" time="0.0">
    <ignored/>
  </testcase> <!-- CFR_001 -->
  <testcase classname="com.selenium.qa.set4npl.empsuplier.fundreq.T01_CreateFundReqWithFullPayment" name="CFR_003" time="0.0">
    <ignored/>
  </testcase> <!-- CFR_003 -->
  <testcase classname="com.selenium.qa.set4npl.empsuplier.fundreq.T01_CreateFundReqWithFullPayment" name="CFR004" time="0.0">
    <ignored/>
  </testcase> <!-- CFR004 -->
  <testcase classname="com.selenium.qa.set4npl.empsuplier.fundreq.T01_CreateFundReqWithFullPayment" name="CFR_002" time="0.0">
    <ignored/>
  </testcase> <!-- CFR_002 -->
</testsuite> <!-- Default test -->
