<?xml version="1.0" encoding="UTF-8"?>
<!-- Generated by org.testng.reporters.JUnitXMLReporter -->
<testsuite ignored="2" hostname="Rabin" failures="0" tests="1" name="Default test" time="6.002" errors="0" timestamp="2025-09-15T17:52:27 NPT">
  <testcase classname="com.selenium.qa.set4npl.empsuplier.fundreq.T06_ReportedDefaults" name="verifySpecificLoanId" time="1.009"/>
  <testcase classname="com.selenium.qa.set4npl.empsuplier.fundreq.T06_ReportedDefaults" name="openReportedDefaultsAndDoGuranteeClaim" time="0.0">
    <ignored/>
  </testcase> <!-- openReportedDefaultsAndDoGuranteeClaim -->
  <testcase classname="com.selenium.qa.set4npl.empsuplier.fundreq.T06_ReportedDefaults" name="immobilizerFlow" time="0.0">
    <ignored/>
  </testcase> <!-- immobilizerFlow -->
</testsuite> <!-- Default test -->
