<?xml version="1.0" encoding="UTF-8"?>
<!-- Generated by org.testng.reporters.JUnitXMLReporter -->
<testsuite ignored="3" hostname="Sonys-Mac-mini.local" failures="0" tests="1" name="Default test" time="56.707" errors="0" timestamp="2025-09-01T14:53:52 NPT">
  <testcase classname="com.selenium.qa.set4npl.empsuplier.fundreq.T02_HANDLINGBANK_TEST" name="reportreq" time="39.786"/>
  <testcase classname="com.selenium.qa.set4npl.empsuplier.fundreq.T02_HANDLINGBANK_TEST" name="rejected" time="0.0">
    <ignored/>
  </testcase> <!-- rejected -->
  <testcase classname="com.selenium.qa.set4npl.empsuplier.fundreq.T02_HANDLINGBANK_TEST" name="elegiblereq" time="0.0">
    <ignored/>
  </testcase> <!-- elegiblereq -->
  <testcase classname="com.selenium.qa.set4npl.empsuplier.fundreq.T02_HANDLINGBANK_TEST" name="incompletereq" time="0.0">
    <ignored/>
  </testcase> <!-- incompletereq -->
</testsuite> <!-- Default test -->
