<?xml version="1.0" encoding="UTF-8"?>
<!-- Generated by org.testng.reporters.JUnitXMLReporter -->
<testsuite ignored="2" hostname="Rabin" failures="0" tests="1" name="Default test" time="14.384" errors="0" timestamp="2025-09-02T13:20:48 NPT">
  <testcase classname="com.selenium.qa.set4npl.empsuplier.fundreq.T04_EMBaccessiories" name="clickEmbAccessioriesRejectFlow" time="6.186"/>
  <testcase classname="com.selenium.qa.set4npl.empsuplier.fundreq.T04_EMBaccessiories" name="clickEmbAccessioriesIncompleteFlow" time="0.0">
    <ignored/>
  </testcase> <!-- clickEmbAccessioriesIncompleteFlow -->
  <testcase classname="com.selenium.qa.set4npl.empsuplier.fundreq.T04_EMBaccessiories" name="clickEmbAccessioriesFlow" time="0.0">
    <ignored/>
  </testcase> <!-- clickEmbAccessioriesFlow -->
</testsuite> <!-- Default test -->
