<?xml version="1.0" encoding="UTF-8"?>
<!-- Generated by org.testng.reporters.JUnitXMLReporter -->
<testsuite ignored="2" hostname="Sonys-Mac-mini.local" failures="0" tests="1" name="Default test" time="99.923" errors="0" timestamp="2025-08-26T17:14:30 NPT">
  <testcase classname="com.selenium.qa.set4npl.empsuplier.fundreq.T01_CreateFundReqWithFullPayment" name="CFR_003" time="79.444"/>
  <testcase classname="com.selenium.qa.set4npl.empsuplier.fundreq.T01_CreateFundReqWithFullPayment" name="CFR_002" time="0.0">
    <ignored/>
  </testcase> <!-- CFR_002 -->
  <testcase classname="com.selenium.qa.set4npl.empsuplier.fundreq.T01_CreateFundReqWithFullPayment" name="CFR_001" time="0.0">
    <ignored/>
  </testcase> <!-- CFR_001 -->
</testsuite> <!-- Default test -->
